2023-09-22 19:14:56,110 INFO [main] c.n.c.CommunityApplicationTests [StartupInfoLogger.java:50] Starting CommunityApplicationTests on xiaozixuans-MBP with PID 27255 (started by kathyx in /Users/kathyx/Documents/learning_cs/java_web/community)
2023-09-22 19:14:56,111 INFO [main] c.n.c.CommunityApplicationTests [SpringApplication.java:675] No active profile set, falling back to default profiles: default
2023-09-22 19:14:56,815 INFO [main] o.s.s.c.ThreadPoolTaskExecutor [ExecutorConfigurationSupport.java:171] Initializing ExecutorService 'applicationTaskExecutor'
2023-09-22 19:14:56,883 INFO [main] o.s.b.a.w.s.WelcomePageHandlerMapping [WelcomePageHandlerMapping.java:61] Adding welcome page template: index
2023-09-22 19:14:56,957 INFO [main] c.n.c.CommunityApplicationTests [StartupInfoLogger.java:59] Started CommunityApplicationTests in 1.024 seconds (JVM running for 1.285)
2023-09-22 19:14:57,088 INFO [main] o.s.t.c.s.AbstractContextLoader [AbstractContextLoader.java:264] Could not detect default resource locations for test class [com.nowcoder.community.LoggerTests]: no resource found for suffixes {-context.xml, Context.groovy}.
2023-09-22 19:14:57,089 INFO [main] o.s.b.t.c.SpringBootTestContextBootstrapper [AbstractTestContextBootstrapper.java:248] Loaded default TestExecutionListener class names from location [META-INF/spring.factories]: [org.springframework.boot.test.mock.mockito.MockitoTestExecutionListener, org.springframework.boot.test.mock.mockito.ResetMocksTestExecutionListener, org.springframework.boot.test.autoconfigure.restdocs.RestDocsTestExecutionListener, org.springframework.boot.test.autoconfigure.web.client.MockRestServiceServerResetTestExecutionListener, org.springframework.boot.test.autoconfigure.web.servlet.MockMvcPrintOnlyOnFailureTestExecutionListener, org.springframework.boot.test.autoconfigure.web.servlet.WebDriverTestExecutionListener, org.springframework.test.context.web.ServletTestExecutionListener, org.springframework.test.context.support.DirtiesContextBeforeModesTestExecutionListener, org.springframework.test.context.support.DependencyInjectionTestExecutionListener, org.springframework.test.context.support.DirtiesContextTestExecutionListener, org.springframework.test.context.transaction.TransactionalTestExecutionListener, org.springframework.test.context.jdbc.SqlScriptsTestExecutionListener]
2023-09-22 19:14:57,089 INFO [main] o.s.b.t.c.SpringBootTestContextBootstrapper [AbstractTestContextBootstrapper.java:177] Using TestExecutionListeners: [org.springframework.test.context.web.ServletTestExecutionListener@41def031, org.springframework.test.context.support.DirtiesContextBeforeModesTestExecutionListener@38e83838, org.springframework.boot.test.mock.mockito.MockitoTestExecutionListener@39832280, org.springframework.boot.test.autoconfigure.SpringBootDependencyInjectionTestExecutionListener@4966bab1, org.springframework.test.context.support.DirtiesContextTestExecutionListener@7f0f84d4, org.springframework.test.context.transaction.TransactionalTestExecutionListener@6df4af5, org.springframework.test.context.jdbc.SqlScriptsTestExecutionListener@26e8ff8c, org.springframework.boot.test.mock.mockito.ResetMocksTestExecutionListener@5aa76ad2, org.springframework.boot.test.autoconfigure.restdocs.RestDocsTestExecutionListener@590d6c76, org.springframework.boot.test.autoconfigure.web.client.MockRestServiceServerResetTestExecutionListener@25791d40, org.springframework.boot.test.autoconfigure.web.servlet.MockMvcPrintOnlyOnFailureTestExecutionListener@448c92fc, org.springframework.boot.test.autoconfigure.web.servlet.WebDriverTestExecutionListener@251c8145]
2023-09-22 19:14:57,091 INFO [main] c.n.c.LoggerTests [LoggerTests.java:23] info log
2023-09-22 19:14:57,092 INFO [main] o.s.t.c.s.AbstractContextLoader [AbstractContextLoader.java:264] Could not detect default resource locations for test class [com.nowcoder.community.MapperTests]: no resource found for suffixes {-context.xml, Context.groovy}.
2023-09-22 19:14:57,092 INFO [main] o.s.b.t.c.SpringBootTestContextBootstrapper [AbstractTestContextBootstrapper.java:248] Loaded default TestExecutionListener class names from location [META-INF/spring.factories]: [org.springframework.boot.test.mock.mockito.MockitoTestExecutionListener, org.springframework.boot.test.mock.mockito.ResetMocksTestExecutionListener, org.springframework.boot.test.autoconfigure.restdocs.RestDocsTestExecutionListener, org.springframework.boot.test.autoconfigure.web.client.MockRestServiceServerResetTestExecutionListener, org.springframework.boot.test.autoconfigure.web.servlet.MockMvcPrintOnlyOnFailureTestExecutionListener, org.springframework.boot.test.autoconfigure.web.servlet.WebDriverTestExecutionListener, org.springframework.test.context.web.ServletTestExecutionListener, org.springframework.test.context.support.DirtiesContextBeforeModesTestExecutionListener, org.springframework.test.context.support.DependencyInjectionTestExecutionListener, org.springframework.test.context.support.DirtiesContextTestExecutionListener, org.springframework.test.context.transaction.TransactionalTestExecutionListener, org.springframework.test.context.jdbc.SqlScriptsTestExecutionListener]
2023-09-22 19:14:57,092 INFO [main] o.s.b.t.c.SpringBootTestContextBootstrapper [AbstractTestContextBootstrapper.java:177] Using TestExecutionListeners: [org.springframework.test.context.web.ServletTestExecutionListener@1b52699c, org.springframework.test.context.support.DirtiesContextBeforeModesTestExecutionListener@dbed7fd, org.springframework.boot.test.mock.mockito.MockitoTestExecutionListener@250d440, org.springframework.boot.test.autoconfigure.SpringBootDependencyInjectionTestExecutionListener@76c86567, org.springframework.test.context.support.DirtiesContextTestExecutionListener@7e5efcab, org.springframework.test.context.transaction.TransactionalTestExecutionListener@5a4dda2, org.springframework.test.context.jdbc.SqlScriptsTestExecutionListener@1d2fb82, org.springframework.boot.test.mock.mockito.ResetMocksTestExecutionListener@34045582, org.springframework.boot.test.autoconfigure.restdocs.RestDocsTestExecutionListener@3db65c0d, org.springframework.boot.test.autoconfigure.web.client.MockRestServiceServerResetTestExecutionListener@1edccfd4, org.springframework.boot.test.autoconfigure.web.servlet.MockMvcPrintOnlyOnFailureTestExecutionListener@8c43966, org.springframework.boot.test.autoconfigure.web.servlet.WebDriverTestExecutionListener@1efac5b9]
2023-09-22 19:14:57,108 INFO [main] c.z.h.HikariDataSource [HikariDataSource.java:110] HikariPool-1 - Starting...
2023-09-22 19:14:57,237 INFO [main] c.z.h.HikariDataSource [HikariDataSource.java:123] HikariPool-1 - Start completed.
2023-09-22 19:14:57,359 INFO [Thread-2] o.s.s.c.ThreadPoolTaskExecutor [ExecutorConfigurationSupport.java:208] Shutting down ExecutorService 'applicationTaskExecutor'
2023-09-22 19:14:57,359 INFO [Thread-2] c.z.h.HikariDataSource [HikariDataSource.java:350] HikariPool-1 - Shutdown initiated...
2023-09-22 19:14:57,363 INFO [Thread-2] c.z.h.HikariDataSource [HikariDataSource.java:352] HikariPool-1 - Shutdown completed.
2023-09-22 19:15:48,718 INFO [main] c.n.c.MapperTests [StartupInfoLogger.java:50] Starting MapperTests on xiaozixuans-MBP with PID 27309 (started by kathyx in /Users/kathyx/Documents/learning_cs/java_web/community)
2023-09-22 19:15:48,719 INFO [main] c.n.c.MapperTests [SpringApplication.java:675] No active profile set, falling back to default profiles: default
2023-09-22 19:15:49,444 INFO [main] o.s.s.c.ThreadPoolTaskExecutor [ExecutorConfigurationSupport.java:171] Initializing ExecutorService 'applicationTaskExecutor'
2023-09-22 19:15:49,523 INFO [main] o.s.b.a.w.s.WelcomePageHandlerMapping [WelcomePageHandlerMapping.java:61] Adding welcome page template: index
2023-09-22 19:15:49,605 INFO [main] c.n.c.MapperTests [StartupInfoLogger.java:59] Started MapperTests in 1.048 seconds (JVM running for 1.31)
2023-09-22 19:15:49,738 INFO [main] c.z.h.HikariDataSource [HikariDataSource.java:110] HikariPool-1 - Starting...
2023-09-22 19:15:49,816 INFO [main] c.z.h.HikariDataSource [HikariDataSource.java:123] HikariPool-1 - Start completed.
2023-09-22 19:15:49,861 INFO [Thread-2] o.s.s.c.ThreadPoolTaskExecutor [ExecutorConfigurationSupport.java:208] Shutting down ExecutorService 'applicationTaskExecutor'
2023-09-22 19:15:49,861 INFO [Thread-2] c.z.h.HikariDataSource [HikariDataSource.java:350] HikariPool-1 - Shutdown initiated...
2023-09-22 19:15:49,864 INFO [Thread-2] c.z.h.HikariDataSource [HikariDataSource.java:352] HikariPool-1 - Shutdown completed.
2023-09-22 19:23:48,746 INFO [main] c.n.c.MapperTests [StartupInfoLogger.java:50] Starting MapperTests on xiaozixuans-MBP with PID 27610 (started by kathyx in /Users/kathyx/Documents/learning_cs/java_web/community)
2023-09-22 19:23:48,748 INFO [main] c.n.c.MapperTests [SpringApplication.java:675] No active profile set, falling back to default profiles: default
2023-09-22 19:23:49,448 INFO [main] o.s.s.c.ThreadPoolTaskExecutor [ExecutorConfigurationSupport.java:171] Initializing ExecutorService 'applicationTaskExecutor'
2023-09-22 19:23:49,525 INFO [main] o.s.b.a.w.s.WelcomePageHandlerMapping [WelcomePageHandlerMapping.java:61] Adding welcome page template: index
2023-09-22 19:23:49,606 INFO [main] c.n.c.MapperTests [StartupInfoLogger.java:59] Started MapperTests in 1.052 seconds (JVM running for 1.356)
2023-09-22 19:23:49,744 INFO [main] c.z.h.HikariDataSource [HikariDataSource.java:110] HikariPool-1 - Starting...
2023-09-22 19:23:49,823 INFO [main] c.z.h.HikariDataSource [HikariDataSource.java:123] HikariPool-1 - Start completed.
2023-09-22 19:23:49,861 INFO [Thread-2] o.s.s.c.ThreadPoolTaskExecutor [ExecutorConfigurationSupport.java:208] Shutting down ExecutorService 'applicationTaskExecutor'
2023-09-22 19:23:49,861 INFO [Thread-2] c.z.h.HikariDataSource [HikariDataSource.java:350] HikariPool-1 - Shutdown initiated...
2023-09-22 19:23:49,864 INFO [Thread-2] c.z.h.HikariDataSource [HikariDataSource.java:352] HikariPool-1 - Shutdown completed.
2023-09-22 19:29:06,372 INFO [main] c.n.c.MapperTests [StartupInfoLogger.java:50] Starting MapperTests on xiaozixuans-MBP with PID 27809 (started by kathyx in /Users/kathyx/Documents/learning_cs/java_web/community)
2023-09-22 19:29:06,373 INFO [main] c.n.c.MapperTests [SpringApplication.java:675] No active profile set, falling back to default profiles: default
2023-09-22 19:29:07,076 INFO [main] o.s.s.c.ThreadPoolTaskExecutor [ExecutorConfigurationSupport.java:171] Initializing ExecutorService 'applicationTaskExecutor'
2023-09-22 19:29:07,156 INFO [main] o.s.b.a.w.s.WelcomePageHandlerMapping [WelcomePageHandlerMapping.java:61] Adding welcome page template: index
2023-09-22 19:29:07,234 INFO [main] c.n.c.MapperTests [StartupInfoLogger.java:59] Started MapperTests in 1.028 seconds (JVM running for 1.347)
2023-09-22 19:29:07,375 INFO [main] c.z.h.HikariDataSource [HikariDataSource.java:110] HikariPool-1 - Starting...
2023-09-22 19:29:07,450 INFO [main] c.z.h.HikariDataSource [HikariDataSource.java:123] HikariPool-1 - Start completed.
2023-09-22 19:29:07,481 INFO [Thread-2] o.s.s.c.ThreadPoolTaskExecutor [ExecutorConfigurationSupport.java:208] Shutting down ExecutorService 'applicationTaskExecutor'
2023-09-22 19:29:07,482 INFO [Thread-2] c.z.h.HikariDataSource [HikariDataSource.java:350] HikariPool-1 - Shutdown initiated...
2023-09-22 19:29:07,485 INFO [Thread-2] c.z.h.HikariDataSource [HikariDataSource.java:352] HikariPool-1 - Shutdown completed.
2023-09-22 19:31:31,326 INFO [main] c.n.c.MapperTests [StartupInfoLogger.java:50] Starting MapperTests on xiaozixuans-MBP with PID 27898 (started by kathyx in /Users/kathyx/Documents/learning_cs/java_web/community)
2023-09-22 19:31:31,327 INFO [main] c.n.c.MapperTests [SpringApplication.java:675] No active profile set, falling back to default profiles: default
2023-09-22 19:31:32,111 INFO [main] o.s.s.c.ThreadPoolTaskExecutor [ExecutorConfigurationSupport.java:171] Initializing ExecutorService 'applicationTaskExecutor'
2023-09-22 19:31:32,208 INFO [main] o.s.b.a.w.s.WelcomePageHandlerMapping [WelcomePageHandlerMapping.java:61] Adding welcome page template: index
2023-09-22 19:31:32,285 INFO [main] c.n.c.MapperTests [StartupInfoLogger.java:59] Started MapperTests in 1.155 seconds (JVM running for 1.453)
2023-09-22 19:31:32,445 INFO [main] c.z.h.HikariDataSource [HikariDataSource.java:110] HikariPool-1 - Starting...
2023-09-22 19:31:32,592 INFO [main] c.z.h.HikariDataSource [HikariDataSource.java:123] HikariPool-1 - Start completed.
2023-09-22 19:31:32,642 INFO [Thread-2] o.s.s.c.ThreadPoolTaskExecutor [ExecutorConfigurationSupport.java:208] Shutting down ExecutorService 'applicationTaskExecutor'
2023-09-22 19:31:32,642 INFO [Thread-2] c.z.h.HikariDataSource [HikariDataSource.java:350] HikariPool-1 - Shutdown initiated...
2023-09-22 19:31:32,646 INFO [Thread-2] c.z.h.HikariDataSource [HikariDataSource.java:352] HikariPool-1 - Shutdown completed.
